<?xml version="1.0" encoding="UTF-8"?>
<testsuite xmlns:xsi="http://www.w3.org/2001/XMLSchema-instance" xsi:noNamespaceSchemaLocation="https://maven.apache.org/surefire/maven-surefire-plugin/xsd/surefire-test-report-3.0.xsd" version="3.0" name="in.vikas.chatapp.ChatAppApplicationTests" time="12.777" tests="1" errors="0" skipped="0" failures="0">
  <properties>
[...]
</properties>
  <testcase name="contextLoads" classname="in.vikas.chatapp.ChatAppApplicationTests" time="1.14">
    <system-out><![CDATA[19:28:20.101 [main] INFO org.springframework.test.context.support.AnnotationConfigContextLoaderUtils -- Could not detect default configuration classes for test class [in.vikas.chatapp.ChatAppApplicationTests]: ChatAppApplicationTests does not declare any static, non-private, non-final, nested classes annotated with @Configuration.
19:28:20.307 [main] INFO org.springframework.boot.test.context.SpringBootTestContextBootstrapper -- Found @SpringBootConfiguration in.vikas.chatapp.ChatAppApplication for test class in.vikas.chatapp.ChatAppApplicationTests

  .   ____          _            __ _ _
 /\\ / ___'_ __ _ _(_)_ __  __ _ \ \ \ \
( ( )\___ | '_ | '_| | '_ \/ _` | \ \ \ \
 \\/  ___)| |_)| | | | | || (_| |  ) ) ) )
  '  |____| .__|_| |_|_| |_\__, | / / / /
 =========|_|==============|___/=/_/_/_/
 :: Spring Boot ::                (v3.1.0)

2024-05-07T19:28:21.196+05:30  INFO 14004 --- [           main] i.vikas.chatapp.ChatAppApplicationTests  : Starting ChatAppApplicationTests using Java 21.0.1 with PID 14004 (started by vikas in D:\SDE Prep\Personal Project\ChatRoom\Chat_App_Springboot)
2024-05-07T19:28:21.198+05:30  INFO 14004 --- [           main] i.vikas.chatapp.ChatAppApplicationTests  : No active profile set, falling back to 1 default profile: "default"
2024-05-07T19:28:23.510+05:30  INFO 14004 --- [           main] .s.d.r.c.RepositoryConfigurationDelegate : Bootstrapping Spring Data JPA repositories in DEFAULT mode.
2024-05-07T19:28:23.778+05:30  INFO 14004 --- [           main] .s.d.r.c.RepositoryConfigurationDelegate : Finished Spring Data repository scanning in 222 ms. Found 1 JPA repository interfaces.
2024-05-07T19:28:24.711+05:30  INFO 14004 --- [           main] o.hibernate.jpa.internal.util.LogHelper  : HHH000204: Processing PersistenceUnitInfo [name: default]
2024-05-07T19:28:24.859+05:30  INFO 14004 --- [           main] org.hibernate.Version                    : HHH000412: Hibernate ORM core version 6.2.2.Final
2024-05-07T19:28:24.864+05:30  INFO 14004 --- [           main] org.hibernate.cfg.Environment            : HHH000406: Using bytecode reflection optimizer
2024-05-07T19:28:25.283+05:30  INFO 14004 --- [           main] o.h.b.i.BytecodeProviderInitiator        : HHH000021: Bytecode provider name : bytebuddy
2024-05-07T19:28:25.588+05:30  INFO 14004 --- [           main] o.s.o.j.p.SpringPersistenceUnitInfo      : No LoadTimeWeaver setup: ignoring JPA class transformer
2024-05-07T19:28:25.622+05:30  INFO 14004 --- [           main] com.zaxxer.hikari.HikariDataSource       : HikariPool-1 - Starting...
2024-05-07T19:28:26.591+05:30  INFO 14004 --- [           main] com.zaxxer.hikari.pool.HikariPool        : HikariPool-1 - Added connection com.mysql.cj.jdbc.ConnectionImpl@58f7215c
2024-05-07T19:28:26.596+05:30  INFO 14004 --- [           main] com.zaxxer.hikari.HikariDataSource       : HikariPool-1 - Start completed.
2024-05-07T19:28:26.763+05:30  INFO 14004 --- [           main] org.hibernate.orm.dialect                : HHH035001: Using dialect: org.hibernate.dialect.MySQLDialect, version: 8.0.35
2024-05-07T19:28:27.280+05:30  INFO 14004 --- [           main] o.h.b.i.BytecodeProviderInitiator        : HHH000021: Bytecode provider name : bytebuddy
2024-05-07T19:28:28.776+05:30  INFO 14004 --- [           main] o.h.e.t.j.p.i.JtaPlatformInitiator       : HHH000490: Using JtaPlatform implementation: [org.hibernate.engine.transaction.jta.platform.internal.NoJtaPlatform]
Hibernate: alter table chat_message modify column type  enum ('CHAT','JOIN','LEAVE') not null
2024-05-07T19:28:29.000+05:30  INFO 14004 --- [           main] j.LocalContainerEntityManagerFactoryBean : Initialized JPA EntityManagerFactory for persistence unit 'default'
2024-05-07T19:28:29.814+05:30  WARN 14004 --- [           main] JpaBaseConfiguration$JpaWebConfiguration : spring.jpa.open-in-view is enabled by default. Therefore, database queries may be performed during view rendering. Explicitly configure spring.jpa.open-in-view to disable this warning
2024-05-07T19:28:30.340+05:30  INFO 14004 --- [           main] o.s.b.a.w.s.WelcomePageHandlerMapping    : Adding welcome page: class path resource [static/index.html]
2024-05-07T19:28:30.980+05:30  INFO 14004 --- [           main] o.s.b.a.e.web.EndpointLinksResolver      : Exposing 1 endpoint(s) beneath base path '/actuator'
2024-05-07T19:28:31.090+05:30  INFO 14004 --- [           main] o.s.m.s.b.SimpleBrokerMessageHandler     : Starting...
2024-05-07T19:28:31.092+05:30  INFO 14004 --- [           main] o.s.m.s.b.SimpleBrokerMessageHandler     : BrokerAvailabilityEvent[available=true, SimpleBrokerMessageHandler [org.springframework.messaging.simp.broker.DefaultSubscriptionRegistry@62b2bc2e]]
2024-05-07T19:28:31.093+05:30  INFO 14004 --- [           main] o.s.m.s.b.SimpleBrokerMessageHandler     : Started.
2024-05-07T19:28:31.119+05:30  INFO 14004 --- [           main] i.vikas.chatapp.ChatAppApplicationTests  : Started ChatAppApplicationTests in 10.477 seconds (process running for 12.607)
]]></system-out>
    <system-err><![CDATA[WARNING: A Java agent has been loaded dynamically (C:\Users\vikas\.m2\repository\net\bytebuddy\byte-buddy-agent\1.14.4\byte-buddy-agent-1.14.4.jar)
WARNING: If a serviceability tool is in use, please run with -XX:+EnableDynamicAgentLoading to hide this warning
WARNING: If a serviceability tool is not in use, please run with -Djdk.instrument.traceUsage for more information
WARNING: Dynamic loading of agents will be disallowed by default in a future release
]]></system-err>
  </testcase>
</testsuite>